<?xml version="1.0" encoding="UTF-8"?>
<!-- Generated by org.testng.reporters.JUnitReportReporter -->
<testsuite hostname="JAYESH" failures="0" tests="1" name="com.asha.learninigselenium.FirstSeleniumClass" time="6.867" errors="0" timestamp="2023-06-09T14:19:42 EDT" skipped="0">
  <testcase classname="com.asha.learninigselenium.FirstSeleniumClass" name="validateEnquirySubmit" time="6.867"/>
  <system-out/>
</testsuite> <!-- com.asha.learninigselenium.FirstSeleniumClass -->
