<?xml version="1.0" encoding="UTF-8"?>
<!-- Generated by org.testng.reporters.JUnitReportReporter -->
<testsuite hostname="JAYESH" failures="0" tests="4" name="com.asha.learninigselenium.RegistrationAndLoginDemo" time="27.883" errors="0" timestamp="2023-06-10T15:48:53 EDT" skipped="0">
  <testcase classname="com.asha.learninigselenium.RegistrationAndLoginDemo" name="validateSignUp" time="8.053"/>
  <system-out/>
  <testcase classname="com.asha.learninigselenium.RegistrationAndLoginDemo" name="validateLogin" time="6.399"/>
  <system-out/>
  <testcase classname="com.asha.learninigselenium.RegistrationAndLoginDemo" name="validateChangePassword" time="7.454"/>
  <system-out/>
  <testcase classname="com.asha.learninigselenium.RegistrationAndLoginDemo" name="loginWithCurrentPassword" time="5.977"/>
  <system-out/>
</testsuite> <!-- com.asha.learninigselenium.RegistrationAndLoginDemo -->
