<?xml version="1.0" encoding="UTF-8"?>
<!-- Generated by org.testng.reporters.JUnitReportReporter -->
<testsuite hostname="JAYESH" failures="0" tests="3" name="com.asha.learninigselenium.RegistrationAndLoginDemo$FirstSeleniumClass" time="37.947" errors="0" timestamp="2023-06-09T17:03:00 EDT" skipped="0">
  <testcase classname="com.asha.learninigselenium.RegistrationAndLoginDemo$FirstSeleniumClass" name="validateSignUp" time="7.557"/>
  <system-out/>
  <testcase classname="com.asha.learninigselenium.RegistrationAndLoginDemo$FirstSeleniumClass" name="validateLogin" time="5.937"/>
  <system-out/>
  <testcase classname="com.asha.learninigselenium.RegistrationAndLoginDemo$FirstSeleniumClass" name="validateChangePassword" time="24.453"/>
  <system-out/>
</testsuite> <!-- com.asha.learninigselenium.RegistrationAndLoginDemo$FirstSeleniumClass -->
